This file contains any messages produced by compilers while
running configure, to aid debugging if configure makes a mistake.

It was created by configure, which was
generated by GNU Autoconf 2.69.  Invocation command line was

  $ ./configure --with-emacs=/Applications/Emacs.app/Contents/MacOS/Emacs-x86_64-10.9

## --------- ##
## Platform. ##
## --------- ##

hostname = Tsgzj.local
uname -m = x86_64
uname -r = 14.0.0
uname -s = Darwin
uname -v = Darwin Kernel Version 14.0.0: Tue Jul 15 23:56:31 PDT 2014; root:xnu-2782.1.43.0.2~1/RELEASE_X86_64

/usr/bin/uname -p = i386
/bin/uname -X     = unknown

/bin/arch              = unknown
/usr/bin/arch -k       = unknown
/usr/convex/getsysinfo = unknown
/usr/bin/hostinfo      = Mach kernel version:
	 Darwin Kernel Version 14.0.0: Tue Jul 15 23:56:31 PDT 2014; root:xnu-2782.1.43.0.2~1/RELEASE_X86_64
Kernel configured for up to 4 processors.
2 processors are physically available.
4 processors are logically available.
Processor type: i486 (Intel 80486)
Processors active: 0 1 2 3
Primary memory available: 8.00 gigabytes
Default processor set: 280 tasks, 1452 threads, 4 processors
Load average: 2.34, Mach factor: 1.90
/bin/machine           = unknown
/usr/bin/oslevel       = unknown
/bin/universe          = unknown

PATH: [Oh My Zsh] Would you like to check for updates?
Type Y to update oh-my-zsh
PATH:  /usr/local/sbin
PATH: /usr/local/bin
PATH: /usr/bin
PATH: /bin
PATH: /usr/sbin
PATH: /sbin
PATH: /usr/local/share/npm/bin
PATH: /opt/X11/bin
PATH: $HOME/.rvm/bin
PATH: /usr/texbin



## ----------- ##
## Core tests. ##
## ----------- ##

configure:1707: checking whether make sets $(MAKE)
configure:1729: result: yes
configure:1781: checking for a BSD-compatible install
configure:1849: result: /usr/bin/install -c
configure:1862: checking for makeinfo
configure:1878: found /usr/bin/makeinfo
configure:1890: result: makeinfo
configure:1900: checking for texi2dvi
configure:1916: found /usr/bin/texi2dvi
configure:1928: result: texi2dvi
configure:1938: checking for ptex
configure:1966: result: false
configure:1976: checking for jbibtex
configure:2004: result: false
configure:2014: checking for dvipdfmx
configure:2042: result: false
configure:2052: checking for texi2pdf
configure:2068: found /usr/bin/texi2pdf
configure:2080: result: texi2pdf
configure:2092: checking for egrep
configure:2108: found /usr/bin/egrep
configure:2119: result: egrep
configure:2188: checking for /Applications/Emacs.app/Contents/MacOS/Emacs-x86_64-10.9
configure:2219: result: /Applications/Emacs.app/Contents/MacOS/Emacs-x86_64-10.9
configure:2381: checking what a flavor does /Applications/Emacs.app/Contents/MacOS/Emacs-x86_64-10.9 have
/Applications/Emacs.app/Contents/MacOS/Emacs-x86_64-10.9 -q -no-site-file -batch -eval '(let ((x (if (featurep (quote xemacs))
	"XEmacs"
      (concat "Emacs "
	      (mapconcat (function identity)
			 (nreverse
			  (cdr (nreverse
				(split-string emacs-version
					      (concat (vector 92 46))))))
			 "."))))) (write-region (format "%s" x) nil "./conftest-74669" nil 5))'
Warning: arch-dependent data dir `/Users/build/workspace/Emacs-Multi-Build/label/mavericks/emacs-source/nextstep/Emacs.app/Contents/MacOS/libexec/': No such file or directory
=> Emacs 24.3.92
configure:2425: result: Emacs 24.3.92
configure:2437: checking prefix for /Applications/Emacs.app/Contents/MacOS/Emacs-x86_64-10.9
/Applications/Emacs.app/Contents/MacOS/Emacs-x86_64-10.9 -q -no-site-file -batch -eval '(let ((x (expand-file-name ".." invocation-directory))) (write-region (format "%s" x) nil "./conftest-74669" nil 5))'
Warning: arch-dependent data dir `/Users/build/workspace/Emacs-Multi-Build/label/mavericks/emacs-source/nextstep/Emacs.app/Contents/MacOS/libexec/': No such file or directory
=> /Applications/Emacs.app/Contents
configure:2468: result: /Applications/Emacs.app/Contents
configure:2476: checking where lisp files should go
configure:2498: result: $(datadir)/emacs/site-lisp/w3m/
configure:2660: checking where icon files should go
/Applications/Emacs.app/Contents/MacOS/Emacs-x86_64-10.9 -q -no-site-file -batch -eval '(let ((x (let ((prefix "/Applications/Emacs.app/Contents")	      (default (expand-file-name "images/w3m" data-directory)))	  (if (and prefix		   (progn		     (setq prefix (file-name-as-directory prefix))		     (eq 0 (string-match (regexp-quote prefix) default))))	      (replace-match "$(prefix)/" nil nil default)	    default)))) (write-region (format "%s" x) nil "./conftest-74669" nil 5))'
Warning: arch-dependent data dir `/Users/build/workspace/Emacs-Multi-Build/label/mavericks/emacs-source/nextstep/Emacs.app/Contents/MacOS/libexec/': No such file or directory
=> $(prefix)/Resources/etc/images/w3m
configure:2704: result: $(prefix)/Resources/etc/images/w3m
configure:2750: checking for gzip
configure:2768: found /usr/bin/gzip
configure:2780: result: /usr/bin/gzip
configure:2961: creating ./config.status

## ---------------------- ##
## Running config.status. ##
## ---------------------- ##

This file was extended by config.status, which was
generated by GNU Autoconf 2.69.  Invocation command line was

  CONFIG_FILES    = 
  CONFIG_HEADERS  = 
  CONFIG_LINKS    = 
  CONFIG_COMMANDS = 
  $ ./config.status 

on Tsgzj.local

config.status:733: creating Makefile
config.status:733: creating doc/Makefile

## ---------------- ##
## Cache variables. ##
## ---------------- ##


## ----------------- ##
## Output variables. ##
## ----------------- ##

ADDITIONAL_LOAD_PATH='NONE'
COMPRESS_INSTALL='yes'
DEFS='-DPACKAGE_NAME=\"\" -DPACKAGE_TARNAME=\"\" -DPACKAGE_VERSION=\"\" -DPACKAGE_STRING=\"\" -DPACKAGE_BUGREPORT=\"\" -DPACKAGE_URL=\"\"'
DVIPDFMX='false'
ECHO_C='\c'
ECHO_N=''
ECHO_T=''
EGREP='egrep'
EMACS='/Applications/Emacs.app/Contents/MacOS/Emacs-x86_64-10.9'
GZIP_PROG='/usr/bin/gzip'
ICONDIR='$(prefix)/Resources/etc/images/w3m'
INSTALL_DATA='${INSTALL} -m 644'
INSTALL_PROGRAM='${INSTALL}'
INSTALL_SCRIPT='${INSTALL}'
JBIBTEX='false'
LIBOBJS=''
LIBS=''
LTLIBOBJS=''
MAKEINFO='makeinfo'
PACKAGEDIR='NONE'
PACKAGE_BUGREPORT=''
PACKAGE_NAME=''
PACKAGE_STRING=''
PACKAGE_TARNAME=''
PACKAGE_URL=''
PACKAGE_VERSION=''
PATH_SEPARATOR=':'
PTEX='false'
SET_MAKE=''
SHELL='/bin/sh'
TEXI2DVI='texi2dvi'
TEXI2PDF='texi2pdf'
VANILLA_FLAG='-q -no-site-file'
XEMACSDEBUG=''
bindir='${exec_prefix}/bin'
build_alias=''
datadir='${datarootdir}'
datarootdir='${prefix}/share'
docdir='${datarootdir}/doc/${PACKAGE}'
dvidir='${docdir}'
exec_prefix='${prefix}'
host_alias=''
htmldir='${docdir}'
includedir='${prefix}/include'
infodir='${datarootdir}/info'
libdir='${exec_prefix}/lib'
libexecdir='${exec_prefix}/libexec'
lispdir='$(datadir)/emacs/site-lisp/w3m'
localedir='${datarootdir}/locale'
localstatedir='${prefix}/var'
mandir='${datarootdir}/man'
oldincludedir='/usr/include'
pdfdir='${docdir}'
prefix='/Applications/Emacs.app/Contents'
program_transform_name='s,x,x,'
psdir='${docdir}'
sbindir='${exec_prefix}/sbin'
sharedstatedir='${prefix}/com'
sysconfdir='${prefix}/etc'
target_alias=''

## ----------- ##
## confdefs.h. ##
## ----------- ##

/* confdefs.h */
#define PACKAGE_NAME ""
#define PACKAGE_TARNAME ""
#define PACKAGE_VERSION ""
#define PACKAGE_STRING ""
#define PACKAGE_BUGREPORT ""
#define PACKAGE_URL ""

configure: exit 0
